Started GET "/account/articles/new" for 127.0.0.1 at 2013-03-21 15:28:04 +0800
Processing by Account::ArticlesController#new as HTML
Redirected to http://127.0.0.1:3000/login
Filter chain halted as :require_login rendered or redirected
Completed 302 Found in 133ms
Started GET "/login" for 127.0.0.1 at 2013-03-21 15:28:05 +0800
Processing by SessionsController#new as HTML
Completed 500 Internal Server Error in 83ms

ActionView::MissingTemplate (Missing template sessions/new, application/new with {:locale=>[:zh], :formats=>[:html], :handlers=>[:erb, :builder]}. Searched in:
  * "/home/gen/Project/blog_system/app/views"
):
  actionpack (3.2.12) lib/action_view/path_set.rb:58:in `find'
  actionpack (3.2.12) lib/action_view/lookup_context.rb:109:in `find'
  actionpack (3.2.12) lib/action_view/renderer/abstract_renderer.rb:3:in `find_template'
  actionpack (3.2.12) lib/action_view/renderer/template_renderer.rb:34:in `determine_template'
  actionpack (3.2.12) lib/action_view/renderer/template_renderer.rb:10:in `render'
  actionpack (3.2.12) lib/action_view/renderer/renderer.rb:36:in `render_template'
  actionpack (3.2.12) lib/action_view/renderer/renderer.rb:17:in `render'
  actionpack (3.2.12) lib/abstract_controller/rendering.rb:110:in `_render_template'
  actionpack (3.2.12) lib/action_controller/metal/streaming.rb:225:in `_render_template'
  actionpack (3.2.12) lib/abstract_controller/rendering.rb:103:in `render_to_body'
  actionpack (3.2.12) lib/action_controller/metal/renderers.rb:28:in `render_to_body'
  actionpack (3.2.12) lib/action_controller/metal/compatibility.rb:50:in `render_to_body'
  actionpack (3.2.12) lib/abstract_controller/rendering.rb:88:in `render'
  actionpack (3.2.12) lib/action_controller/metal/rendering.rb:16:in `render'
  actionpack (3.2.12) lib/action_controller/metal/instrumentation.rb:40:in `block (2 levels) in render'
  activesupport (3.2.12) lib/active_support/core_ext/benchmark.rb:5:in `block in ms'
  /home/gen/.rvm/rubies/ruby-2.0.0-p0/lib/ruby/2.0.0/benchmark.rb:296:in `realtime'
  activesupport (3.2.12) lib/active_support/core_ext/benchmark.rb:5:in `ms'
  actionpack (3.2.12) lib/action_controller/metal/instrumentation.rb:40:in `block in render'
  actionpack (3.2.12) lib/action_controller/metal/instrumentation.rb:83:in `cleanup_view_runtime'
  actionpack (3.2.12) lib/action_controller/metal/instrumentation.rb:39:in `render'
  actionpack (3.2.12) lib/action_controller/metal/implicit_render.rb:10:in `default_render'
  actionpack (3.2.12) lib/action_controller/metal/implicit_render.rb:5:in `send_action'
  actionpack (3.2.12) lib/abstract_controller/base.rb:167:in `process_action'
  actionpack (3.2.12) lib/action_controller/metal/rendering.rb:10:in `process_action'
  actionpack (3.2.12) lib/abstract_controller/callbacks.rb:18:in `block in process_action'
  activesupport (3.2.12) lib/active_support/callbacks.rb:425:in `_run__1407324490695236141__process_action__4317660717049892675__callbacks'
  activesupport (3.2.12) lib/active_support/callbacks.rb:405:in `__run_callback'
  activesupport (3.2.12) lib/active_support/callbacks.rb:385:in `_run_process_action_callbacks'
  activesupport (3.2.12) lib/active_support/callbacks.rb:81:in `run_callbacks'
  actionpack (3.2.12) lib/abstract_controller/callbacks.rb:17:in `process_action'
  actionpack (3.2.12) lib/action_controller/metal/rescue.rb:29:in `process_action'
  actionpack (3.2.12) lib/action_controller/metal/instrumentation.rb:30:in `block in process_action'
  activesupport (3.2.12) lib/active_support/notifications.rb:123:in `block in instrument'
  activesupport (3.2.12) lib/active_support/notifications/instrumenter.rb:20:in `instrument'
  activesupport (3.2.12) lib/active_support/notifications.rb:123:in `instrument'
  actionpack (3.2.12) lib/action_controller/metal/instrumentation.rb:29:in `process_action'
  actionpack (3.2.12) lib/action_controller/metal/params_wrapper.rb:207:in `process_action'
  actionpack (3.2.12) lib/abstract_controller/base.rb:121:in `process'
  actionpack (3.2.12) lib/abstract_controller/rendering.rb:45:in `process'
  actionpack (3.2.12) lib/action_controller/metal.rb:203:in `dispatch'
  actionpack (3.2.12) lib/action_controller/metal/rack_delegation.rb:14:in `dispatch'
  actionpack (3.2.12) lib/action_controller/metal.rb:246:in `block in action'
  actionpack (3.2.12) lib/action_dispatch/routing/route_set.rb:73:in `call'
  actionpack (3.2.12) lib/action_dispatch/routing/route_set.rb:73:in `dispatch'
  actionpack (3.2.12) lib/action_dispatch/routing/route_set.rb:36:in `call'
  journey (1.0.4) lib/journey/router.rb:68:in `block in call'
  journey (1.0.4) lib/journey/router.rb:56:in `each'
  journey (1.0.4) lib/journey/router.rb:56:in `call'
  actionpack (3.2.12) lib/action_dispatch/routing/route_set.rb:601:in `call'
  client_side_validations (3.2.2) lib/client_side_validations/middleware.rb:21:in `call'
  actionpack (3.2.12) lib/action_dispatch/middleware/best_standards_support.rb:17:in `call'
  rack (1.4.5) lib/rack/etag.rb:23:in `call'
  rack (1.4.5) lib/rack/conditionalget.rb:25:in `call'
  actionpack (3.2.12) lib/action_dispatch/middleware/head.rb:14:in `call'
  actionpack (3.2.12) lib/action_dispatch/middleware/params_parser.rb:21:in `call'
  actionpack (3.2.12) lib/action_dispatch/middleware/flash.rb:242:in `call'
  rack (1.4.5) lib/rack/session/abstract/id.rb:210:in `context'
  rack (1.4.5) lib/rack/session/abstract/id.rb:205:in `call'
  actionpack (3.2.12) lib/action_dispatch/middleware/cookies.rb:341:in `call'
  actionpack (3.2.12) lib/action_dispatch/middleware/callbacks.rb:28:in `block in call'
  activesupport (3.2.12) lib/active_support/callbacks.rb:405:in `_run__1408370390484421899__call__806871701978338110__callbacks'
  activesupport (3.2.12) lib/active_support/callbacks.rb:405:in `__run_callback'
  activesupport (3.2.12) lib/active_support/callbacks.rb:385:in `_run_call_callbacks'
  activesupport (3.2.12) lib/active_support/callbacks.rb:81:in `run_callbacks'
  actionpack (3.2.12) lib/action_dispatch/middleware/callbacks.rb:27:in `call'
  actionpack (3.2.12) lib/action_dispatch/middleware/remote_ip.rb:31:in `call'
  actionpack (3.2.12) lib/action_dispatch/middleware/debug_exceptions.rb:16:in `call'
  actionpack (3.2.12) lib/action_dispatch/middleware/show_exceptions.rb:56:in `call'
  railties (3.2.12) lib/rails/rack/logger.rb:32:in `call_app'
  railties (3.2.12) lib/rails/rack/logger.rb:16:in `block in call'
  activesupport (3.2.12) lib/active_support/tagged_logging.rb:22:in `tagged'
  railties (3.2.12) lib/rails/rack/logger.rb:16:in `call'
  actionpack (3.2.12) lib/action_dispatch/middleware/request_id.rb:22:in `call'
  rack (1.4.5) lib/rack/methodoverride.rb:21:in `call'
  rack (1.4.5) lib/rack/runtime.rb:17:in `call'
  activesupport (3.2.12) lib/active_support/cache/strategy/local_cache.rb:72:in `call'
  rack (1.4.5) lib/rack/lock.rb:15:in `call'
  rack-cache (1.2) lib/rack/cache/context.rb:136:in `forward'
  rack-cache (1.2) lib/rack/cache/context.rb:245:in `fetch'
  rack-cache (1.2) lib/rack/cache/context.rb:185:in `lookup'
  rack-cache (1.2) lib/rack/cache/context.rb:66:in `call!'
  rack-cache (1.2) lib/rack/cache/context.rb:51:in `call'
  railties (3.2.12) lib/rails/engine.rb:479:in `call'
  railties (3.2.12) lib/rails/application.rb:223:in `call'
  rack (1.4.5) lib/rack/content_length.rb:14:in `call'
  railties (3.2.12) lib/rails/rack/log_tailer.rb:17:in `call'
  rack (1.4.5) lib/rack/handler/webrick.rb:59:in `service'
  /home/gen/.rvm/rubies/ruby-2.0.0-p0/lib/ruby/2.0.0/webrick/httpserver.rb:138:in `service'
  /home/gen/.rvm/rubies/ruby-2.0.0-p0/lib/ruby/2.0.0/webrick/httpserver.rb:94:in `run'
  /home/gen/.rvm/rubies/ruby-2.0.0-p0/lib/ruby/2.0.0/webrick/server.rb:295:in `block in start_thread'


Started GET "/login" for 127.0.0.1 at 2013-03-21 15:28:13 +0800
Processing by SessionsController#new as HTML
Completed 500 Internal Server Error in 9ms

ActionView::MissingTemplate (Missing template sessions/new, application/new with {:locale=>[:zh], :formats=>[:html], :handlers=>[:erb, :builder]}. Searched in:
  * "/home/gen/Project/blog_system/app/views"
):
  actionpack (3.2.12) lib/action_view/path_set.rb:58:in `find'
  actionpack (3.2.12) lib/action_view/lookup_context.rb:109:in `find'
  actionpack (3.2.12) lib/action_view/renderer/abstract_renderer.rb:3:in `find_template'
  actionpack (3.2.12) lib/action_view/renderer/template_renderer.rb:34:in `determine_template'
  actionpack (3.2.12) lib/action_view/renderer/template_renderer.rb:10:in `render'
  actionpack (3.2.12) lib/action_view/renderer/renderer.rb:36:in `render_template'
  actionpack (3.2.12) lib/action_view/renderer/renderer.rb:17:in `render'
  actionpack (3.2.12) lib/abstract_controller/rendering.rb:110:in `_render_template'
  actionpack (3.2.12) lib/action_controller/metal/streaming.rb:225:in `_render_template'
  actionpack (3.2.12) lib/abstract_controller/rendering.rb:103:in `render_to_body'
  actionpack (3.2.12) lib/action_controller/metal/renderers.rb:28:in `render_to_body'
  actionpack (3.2.12) lib/action_controller/metal/compatibility.rb:50:in `render_to_body'
  actionpack (3.2.12) lib/abstract_controller/rendering.rb:88:in `render'
  actionpack (3.2.12) lib/action_controller/metal/rendering.rb:16:in `render'
  actionpack (3.2.12) lib/action_controller/metal/instrumentation.rb:40:in `block (2 levels) in render'
  activesupport (3.2.12) lib/active_support/core_ext/benchmark.rb:5:in `block in ms'
  /home/gen/.rvm/rubies/ruby-2.0.0-p0/lib/ruby/2.0.0/benchmark.rb:296:in `realtime'
  activesupport (3.2.12) lib/active_support/core_ext/benchmark.rb:5:in `ms'
  actionpack (3.2.12) lib/action_controller/metal/instrumentation.rb:40:in `block in render'
  actionpack (3.2.12) lib/action_controller/metal/instrumentation.rb:83:in `cleanup_view_runtime'
  actionpack (3.2.12) lib/action_controller/metal/instrumentation.rb:39:in `render'
  actionpack (3.2.12) lib/action_controller/metal/implicit_render.rb:10:in `default_render'
  actionpack (3.2.12) lib/action_controller/metal/implicit_render.rb:5:in `send_action'
  actionpack (3.2.12) lib/abstract_controller/base.rb:167:in `process_action'
  actionpack (3.2.12) lib/action_controller/metal/rendering.rb:10:in `process_action'
  actionpack (3.2.12) lib/abstract_controller/callbacks.rb:18:in `block in process_action'
  activesupport (3.2.12) lib/active_support/callbacks.rb:425:in `_run__1407324490695236141__process_action__4317660717049892675__callbacks'
  activesupport (3.2.12) lib/active_support/callbacks.rb:405:in `__run_callback'
  activesupport (3.2.12) lib/active_support/callbacks.rb:385:in `_run_process_action_callbacks'
  activesupport (3.2.12) lib/active_support/callbacks.rb:81:in `run_callbacks'
  actionpack (3.2.12) lib/abstract_controller/callbacks.rb:17:in `process_action'
  actionpack (3.2.12) lib/action_controller/metal/rescue.rb:29:in `process_action'
  actionpack (3.2.12) lib/action_controller/metal/instrumentation.rb:30:in `block in process_action'
  activesupport (3.2.12) lib/active_support/notifications.rb:123:in `block in instrument'
  activesupport (3.2.12) lib/active_support/notifications/instrumenter.rb:20:in `instrument'
  activesupport (3.2.12) lib/active_support/notifications.rb:123:in `instrument'
  actionpack (3.2.12) lib/action_controller/metal/instrumentation.rb:29:in `process_action'
  actionpack (3.2.12) lib/action_controller/metal/params_wrapper.rb:207:in `process_action'
  actionpack (3.2.12) lib/abstract_controller/base.rb:121:in `process'
  actionpack (3.2.12) lib/abstract_controller/rendering.rb:45:in `process'
  actionpack (3.2.12) lib/action_controller/metal.rb:203:in `dispatch'
  actionpack (3.2.12) lib/action_controller/metal/rack_delegation.rb:14:in `dispatch'
  actionpack (3.2.12) lib/action_controller/metal.rb:246:in `block in action'
  actionpack (3.2.12) lib/action_dispatch/routing/route_set.rb:73:in `call'
  actionpack (3.2.12) lib/action_dispatch/routing/route_set.rb:73:in `dispatch'
  actionpack (3.2.12) lib/action_dispatch/routing/route_set.rb:36:in `call'
  journey (1.0.4) lib/journey/router.rb:68:in `block in call'
  journey (1.0.4) lib/journey/router.rb:56:in `each'
  journey (1.0.4) lib/journey/router.rb:56:in `call'
  actionpack (3.2.12) lib/action_dispatch/routing/route_set.rb:601:in `call'
  client_side_validations (3.2.2) lib/client_side_validations/middleware.rb:21:in `call'
  actionpack (3.2.12) lib/action_dispatch/middleware/best_standards_support.rb:17:in `call'
  rack (1.4.5) lib/rack/etag.rb:23:in `call'
  rack (1.4.5) lib/rack/conditionalget.rb:25:in `call'
  actionpack (3.2.12) lib/action_dispatch/middleware/head.rb:14:in `call'
  actionpack (3.2.12) lib/action_dispatch/middleware/params_parser.rb:21:in `call'
  actionpack (3.2.12) lib/action_dispatch/middleware/flash.rb:242:in `call'
  rack (1.4.5) lib/rack/session/abstract/id.rb:210:in `context'
  rack (1.4.5) lib/rack/session/abstract/id.rb:205:in `call'
  actionpack (3.2.12) lib/action_dispatch/middleware/cookies.rb:341:in `call'
  actionpack (3.2.12) lib/action_dispatch/middleware/callbacks.rb:28:in `block in call'
  activesupport (3.2.12) lib/active_support/callbacks.rb:405:in `_run__1408370390484421899__call__806871701978338110__callbacks'
  activesupport (3.2.12) lib/active_support/callbacks.rb:405:in `__run_callback'
  activesupport (3.2.12) lib/active_support/callbacks.rb:385:in `_run_call_callbacks'
  activesupport (3.2.12) lib/active_support/callbacks.rb:81:in `run_callbacks'
  actionpack (3.2.12) lib/action_dispatch/middleware/callbacks.rb:27:in `call'
  actionpack (3.2.12) lib/action_dispatch/middleware/remote_ip.rb:31:in `call'
  actionpack (3.2.12) lib/action_dispatch/middleware/debug_exceptions.rb:16:in `call'
  actionpack (3.2.12) lib/action_dispatch/middleware/show_exceptions.rb:56:in `call'
  railties (3.2.12) lib/rails/rack/logger.rb:32:in `call_app'
  railties (3.2.12) lib/rails/rack/logger.rb:16:in `block in call'
  activesupport (3.2.12) lib/active_support/tagged_logging.rb:22:in `tagged'
  railties (3.2.12) lib/rails/rack/logger.rb:16:in `call'
  actionpack (3.2.12) lib/action_dispatch/middleware/request_id.rb:22:in `call'
  rack (1.4.5) lib/rack/methodoverride.rb:21:in `call'
  rack (1.4.5) lib/rack/runtime.rb:17:in `call'
  activesupport (3.2.12) lib/active_support/cache/strategy/local_cache.rb:72:in `call'
  rack (1.4.5) lib/rack/lock.rb:15:in `call'
  rack-cache (1.2) lib/rack/cache/context.rb:136:in `forward'
  rack-cache (1.2) lib/rack/cache/context.rb:245:in `fetch'
  rack-cache (1.2) lib/rack/cache/context.rb:185:in `lookup'
  rack-cache (1.2) lib/rack/cache/context.rb:66:in `call!'
  rack-cache (1.2) lib/rack/cache/context.rb:51:in `call'
  railties (3.2.12) lib/rails/engine.rb:479:in `call'
  railties (3.2.12) lib/rails/application.rb:223:in `call'
  rack (1.4.5) lib/rack/content_length.rb:14:in `call'
  railties (3.2.12) lib/rails/rack/log_tailer.rb:17:in `call'
  rack (1.4.5) lib/rack/handler/webrick.rb:59:in `service'
  /home/gen/.rvm/rubies/ruby-2.0.0-p0/lib/ruby/2.0.0/webrick/httpserver.rb:138:in `service'
  /home/gen/.rvm/rubies/ruby-2.0.0-p0/lib/ruby/2.0.0/webrick/httpserver.rb:94:in `run'
  /home/gen/.rvm/rubies/ruby-2.0.0-p0/lib/ruby/2.0.0/webrick/server.rb:295:in `block in start_thread'


Started GET "/" for 127.0.0.1 at 2013-03-21 15:28:26 +0800
Processing by MainController#home_page as HTML
Completed 500 Internal Server Error in 6ms

ActionView::MissingTemplate (Missing template main/home_page, application/home_page with {:locale=>[:zh], :formats=>[:html], :handlers=>[:erb, :builder]}. Searched in:
  * "/home/gen/Project/blog_system/app/views"
):
  actionpack (3.2.12) lib/action_view/path_set.rb:58:in `find'
  actionpack (3.2.12) lib/action_view/lookup_context.rb:109:in `find'
  actionpack (3.2.12) lib/action_view/renderer/abstract_renderer.rb:3:in `find_template'
  actionpack (3.2.12) lib/action_view/renderer/template_renderer.rb:34:in `determine_template'
  actionpack (3.2.12) lib/action_view/renderer/template_renderer.rb:10:in `render'
  actionpack (3.2.12) lib/action_view/renderer/renderer.rb:36:in `render_template'
  actionpack (3.2.12) lib/action_view/renderer/renderer.rb:17:in `render'
  actionpack (3.2.12) lib/abstract_controller/rendering.rb:110:in `_render_template'
  actionpack (3.2.12) lib/action_controller/metal/streaming.rb:225:in `_render_template'
  actionpack (3.2.12) lib/abstract_controller/rendering.rb:103:in `render_to_body'
  actionpack (3.2.12) lib/action_controller/metal/renderers.rb:28:in `render_to_body'
  actionpack (3.2.12) lib/action_controller/metal/compatibility.rb:50:in `render_to_body'
  actionpack (3.2.12) lib/abstract_controller/rendering.rb:88:in `render'
  actionpack (3.2.12) lib/action_controller/metal/rendering.rb:16:in `render'
  actionpack (3.2.12) lib/action_controller/metal/instrumentation.rb:40:in `block (2 levels) in render'
  activesupport (3.2.12) lib/active_support/core_ext/benchmark.rb:5:in `block in ms'
  /home/gen/.rvm/rubies/ruby-2.0.0-p0/lib/ruby/2.0.0/benchmark.rb:296:in `realtime'
  activesupport (3.2.12) lib/active_support/core_ext/benchmark.rb:5:in `ms'
  actionpack (3.2.12) lib/action_controller/metal/instrumentation.rb:40:in `block in render'
  actionpack (3.2.12) lib/action_controller/metal/instrumentation.rb:83:in `cleanup_view_runtime'
  actionpack (3.2.12) lib/action_controller/metal/instrumentation.rb:39:in `render'
  actionpack (3.2.12) lib/action_controller/metal/implicit_render.rb:10:in `default_render'
  actionpack (3.2.12) lib/action_controller/metal/implicit_render.rb:5:in `send_action'
  actionpack (3.2.12) lib/abstract_controller/base.rb:167:in `process_action'
  actionpack (3.2.12) lib/action_controller/metal/rendering.rb:10:in `process_action'
  actionpack (3.2.12) lib/abstract_controller/callbacks.rb:18:in `block in process_action'
  activesupport (3.2.12) lib/active_support/callbacks.rb:414:in `_run__2531082995482066989__process_action__3888886035164970292__callbacks'
  activesupport (3.2.12) lib/active_support/callbacks.rb:405:in `__run_callback'
  activesupport (3.2.12) lib/active_support/callbacks.rb:385:in `_run_process_action_callbacks'
  activesupport (3.2.12) lib/active_support/callbacks.rb:81:in `run_callbacks'
  actionpack (3.2.12) lib/abstract_controller/callbacks.rb:17:in `process_action'
  actionpack (3.2.12) lib/action_controller/metal/rescue.rb:29:in `process_action'
  actionpack (3.2.12) lib/action_controller/metal/instrumentation.rb:30:in `block in process_action'
  activesupport (3.2.12) lib/active_support/notifications.rb:123:in `block in instrument'
  activesupport (3.2.12) lib/active_support/notifications/instrumenter.rb:20:in `instrument'
  activesupport (3.2.12) lib/active_support/notifications.rb:123:in `instrument'
  actionpack (3.2.12) lib/action_controller/metal/instrumentation.rb:29:in `process_action'
  actionpack (3.2.12) lib/action_controller/metal/params_wrapper.rb:207:in `process_action'
  actionpack (3.2.12) lib/abstract_controller/base.rb:121:in `process'
  actionpack (3.2.12) lib/abstract_controller/rendering.rb:45:in `process'
  actionpack (3.2.12) lib/action_controller/metal.rb:203:in `dispatch'
  actionpack (3.2.12) lib/action_controller/metal/rack_delegation.rb:14:in `dispatch'
  actionpack (3.2.12) lib/action_controller/metal.rb:246:in `block in action'
  actionpack (3.2.12) lib/action_dispatch/routing/route_set.rb:73:in `call'
  actionpack (3.2.12) lib/action_dispatch/routing/route_set.rb:73:in `dispatch'
  actionpack (3.2.12) lib/action_dispatch/routing/route_set.rb:36:in `call'
  journey (1.0.4) lib/journey/router.rb:68:in `block in call'
  journey (1.0.4) lib/journey/router.rb:56:in `each'
  journey (1.0.4) lib/journey/router.rb:56:in `call'
  actionpack (3.2.12) lib/action_dispatch/routing/route_set.rb:601:in `call'
  client_side_validations (3.2.2) lib/client_side_validations/middleware.rb:21:in `call'
  actionpack (3.2.12) lib/action_dispatch/middleware/best_standards_support.rb:17:in `call'
  rack (1.4.5) lib/rack/etag.rb:23:in `call'
  rack (1.4.5) lib/rack/conditionalget.rb:25:in `call'
  actionpack (3.2.12) lib/action_dispatch/middleware/head.rb:14:in `call'
  actionpack (3.2.12) lib/action_dispatch/middleware/params_parser.rb:21:in `call'
  actionpack (3.2.12) lib/action_dispatch/middleware/flash.rb:242:in `call'
  rack (1.4.5) lib/rack/session/abstract/id.rb:210:in `context'
  rack (1.4.5) lib/rack/session/abstract/id.rb:205:in `call'
  actionpack (3.2.12) lib/action_dispatch/middleware/cookies.rb:341:in `call'
  actionpack (3.2.12) lib/action_dispatch/middleware/callbacks.rb:28:in `block in call'
  activesupport (3.2.12) lib/active_support/callbacks.rb:405:in `_run__1408370390484421899__call__806871701978338110__callbacks'
  activesupport (3.2.12) lib/active_support/callbacks.rb:405:in `__run_callback'
  activesupport (3.2.12) lib/active_support/callbacks.rb:385:in `_run_call_callbacks'
  activesupport (3.2.12) lib/active_support/callbacks.rb:81:in `run_callbacks'
  actionpack (3.2.12) lib/action_dispatch/middleware/callbacks.rb:27:in `call'
  actionpack (3.2.12) lib/action_dispatch/middleware/remote_ip.rb:31:in `call'
  actionpack (3.2.12) lib/action_dispatch/middleware/debug_exceptions.rb:16:in `call'
  actionpack (3.2.12) lib/action_dispatch/middleware/show_exceptions.rb:56:in `call'
  railties (3.2.12) lib/rails/rack/logger.rb:32:in `call_app'
  railties (3.2.12) lib/rails/rack/logger.rb:16:in `block in call'
  activesupport (3.2.12) lib/active_support/tagged_logging.rb:22:in `tagged'
  railties (3.2.12) lib/rails/rack/logger.rb:16:in `call'
  actionpack (3.2.12) lib/action_dispatch/middleware/request_id.rb:22:in `call'
  rack (1.4.5) lib/rack/methodoverride.rb:21:in `call'
  rack (1.4.5) lib/rack/runtime.rb:17:in `call'
  activesupport (3.2.12) lib/active_support/cache/strategy/local_cache.rb:72:in `call'
  rack (1.4.5) lib/rack/lock.rb:15:in `call'
  rack-cache (1.2) lib/rack/cache/context.rb:136:in `forward'
  rack-cache (1.2) lib/rack/cache/context.rb:245:in `fetch'
  rack-cache (1.2) lib/rack/cache/context.rb:185:in `lookup'
  rack-cache (1.2) lib/rack/cache/context.rb:66:in `call!'
  rack-cache (1.2) lib/rack/cache/context.rb:51:in `call'
  railties (3.2.12) lib/rails/engine.rb:479:in `call'
  railties (3.2.12) lib/rails/application.rb:223:in `call'
  rack (1.4.5) lib/rack/content_length.rb:14:in `call'
  railties (3.2.12) lib/rails/rack/log_tailer.rb:17:in `call'
  rack (1.4.5) lib/rack/handler/webrick.rb:59:in `service'
  /home/gen/.rvm/rubies/ruby-2.0.0-p0/lib/ruby/2.0.0/webrick/httpserver.rb:138:in `service'
  /home/gen/.rvm/rubies/ruby-2.0.0-p0/lib/ruby/2.0.0/webrick/httpserver.rb:94:in `run'
  /home/gen/.rvm/rubies/ruby-2.0.0-p0/lib/ruby/2.0.0/webrick/server.rb:295:in `block in start_thread'


Started GET "/" for 127.0.0.1 at 2013-03-21 15:33:52 +0800
Processing by MainController#home_page as HTML
Completed 500 Internal Server Error in 14ms

ActionView::MissingTemplate (Missing template main/home_page, application/home_page with {:locale=>[:zh], :formats=>[:html], :handlers=>[:erb, :builder, :coffee]}. Searched in:
  * "/home/gen/Project/blog_system/app/views"
):
  actionpack (3.2.12) lib/action_view/path_set.rb:58:in `find'
  actionpack (3.2.12) lib/action_view/lookup_context.rb:109:in `find'
  actionpack (3.2.12) lib/action_view/renderer/abstract_renderer.rb:3:in `find_template'
  actionpack (3.2.12) lib/action_view/renderer/template_renderer.rb:34:in `determine_template'
  actionpack (3.2.12) lib/action_view/renderer/template_renderer.rb:10:in `render'
  actionpack (3.2.12) lib/action_view/renderer/renderer.rb:36:in `render_template'
  actionpack (3.2.12) lib/action_view/renderer/renderer.rb:17:in `render'
  actionpack (3.2.12) lib/abstract_controller/rendering.rb:110:in `_render_template'
  actionpack (3.2.12) lib/action_controller/metal/streaming.rb:225:in `_render_template'
  actionpack (3.2.12) lib/abstract_controller/rendering.rb:103:in `render_to_body'
  actionpack (3.2.12) lib/action_controller/metal/renderers.rb:28:in `render_to_body'
  actionpack (3.2.12) lib/action_controller/metal/compatibility.rb:50:in `render_to_body'
  actionpack (3.2.12) lib/abstract_controller/rendering.rb:88:in `render'
  actionpack (3.2.12) lib/action_controller/metal/rendering.rb:16:in `render'
  actionpack (3.2.12) lib/action_controller/metal/instrumentation.rb:40:in `block (2 levels) in render'
  activesupport (3.2.12) lib/active_support/core_ext/benchmark.rb:5:in `block in ms'
  /home/gen/.rvm/rubies/ruby-2.0.0-p0/lib/ruby/2.0.0/benchmark.rb:296:in `realtime'
  activesupport (3.2.12) lib/active_support/core_ext/benchmark.rb:5:in `ms'
  actionpack (3.2.12) lib/action_controller/metal/instrumentation.rb:40:in `block in render'
  actionpack (3.2.12) lib/action_controller/metal/instrumentation.rb:83:in `cleanup_view_runtime'
  actionpack (3.2.12) lib/action_controller/metal/instrumentation.rb:39:in `render'
  actionpack (3.2.12) lib/action_controller/metal/implicit_render.rb:10:in `default_render'
  actionpack (3.2.12) lib/action_controller/metal/implicit_render.rb:5:in `send_action'
  actionpack (3.2.12) lib/abstract_controller/base.rb:167:in `process_action'
  actionpack (3.2.12) lib/action_controller/metal/rendering.rb:10:in `process_action'
  actionpack (3.2.12) lib/abstract_controller/callbacks.rb:18:in `block in process_action'
  activesupport (3.2.12) lib/active_support/callbacks.rb:414:in `_run__2832110629706691585__process_action__2443616796322041406__callbacks'
  activesupport (3.2.12) lib/active_support/callbacks.rb:405:in `__run_callback'
  activesupport (3.2.12) lib/active_support/callbacks.rb:385:in `_run_process_action_callbacks'
  activesupport (3.2.12) lib/active_support/callbacks.rb:81:in `run_callbacks'
  actionpack (3.2.12) lib/abstract_controller/callbacks.rb:17:in `process_action'
  actionpack (3.2.12) lib/action_controller/metal/rescue.rb:29:in `process_action'
  actionpack (3.2.12) lib/action_controller/metal/instrumentation.rb:30:in `block in process_action'
  activesupport (3.2.12) lib/active_support/notifications.rb:123:in `block in instrument'
  activesupport (3.2.12) lib/active_support/notifications/instrumenter.rb:20:in `instrument'
  activesupport (3.2.12) lib/active_support/notifications.rb:123:in `instrument'
  actionpack (3.2.12) lib/action_controller/metal/instrumentation.rb:29:in `process_action'
  actionpack (3.2.12) lib/action_controller/metal/params_wrapper.rb:207:in `process_action'
  actionpack (3.2.12) lib/abstract_controller/base.rb:121:in `process'
  actionpack (3.2.12) lib/abstract_controller/rendering.rb:45:in `process'
  actionpack (3.2.12) lib/action_controller/metal.rb:203:in `dispatch'
  actionpack (3.2.12) lib/action_controller/metal/rack_delegation.rb:14:in `dispatch'
  actionpack (3.2.12) lib/action_controller/metal.rb:246:in `block in action'
  actionpack (3.2.12) lib/action_dispatch/routing/route_set.rb:73:in `call'
  actionpack (3.2.12) lib/action_dispatch/routing/route_set.rb:73:in `dispatch'
  actionpack (3.2.12) lib/action_dispatch/routing/route_set.rb:36:in `call'
  journey (1.0.4) lib/journey/router.rb:68:in `block in call'
  journey (1.0.4) lib/journey/router.rb:56:in `each'
  journey (1.0.4) lib/journey/router.rb:56:in `call'
  actionpack (3.2.12) lib/action_dispatch/routing/route_set.rb:601:in `call'
  client_side_validations (3.2.2) lib/client_side_validations/middleware.rb:21:in `call'
  actionpack (3.2.12) lib/action_dispatch/middleware/best_standards_support.rb:17:in `call'
  rack (1.4.5) lib/rack/etag.rb:23:in `call'
  rack (1.4.5) lib/rack/conditionalget.rb:25:in `call'
  actionpack (3.2.12) lib/action_dispatch/middleware/head.rb:14:in `call'
  actionpack (3.2.12) lib/action_dispatch/middleware/params_parser.rb:21:in `call'
  actionpack (3.2.12) lib/action_dispatch/middleware/flash.rb:242:in `call'
  rack (1.4.5) lib/rack/session/abstract/id.rb:210:in `context'
  rack (1.4.5) lib/rack/session/abstract/id.rb:205:in `call'
  actionpack (3.2.12) lib/action_dispatch/middleware/cookies.rb:341:in `call'
  actionpack (3.2.12) lib/action_dispatch/middleware/callbacks.rb:28:in `block in call'
  activesupport (3.2.12) lib/active_support/callbacks.rb:405:in `_run__3857082705828948884__call__2167632605203038774__callbacks'
  activesupport (3.2.12) lib/active_support/callbacks.rb:405:in `__run_callback'
  activesupport (3.2.12) lib/active_support/callbacks.rb:385:in `_run_call_callbacks'
  activesupport (3.2.12) lib/active_support/callbacks.rb:81:in `run_callbacks'
  actionpack (3.2.12) lib/action_dispatch/middleware/callbacks.rb:27:in `call'
  actionpack (3.2.12) lib/action_dispatch/middleware/remote_ip.rb:31:in `call'
  actionpack (3.2.12) lib/action_dispatch/middleware/debug_exceptions.rb:16:in `call'
  actionpack (3.2.12) lib/action_dispatch/middleware/show_exceptions.rb:56:in `call'
  railties (3.2.12) lib/rails/rack/logger.rb:32:in `call_app'
  railties (3.2.12) lib/rails/rack/logger.rb:16:in `block in call'
  activesupport (3.2.12) lib/active_support/tagged_logging.rb:22:in `tagged'
  railties (3.2.12) lib/rails/rack/logger.rb:16:in `call'
  actionpack (3.2.12) lib/action_dispatch/middleware/request_id.rb:22:in `call'
  rack (1.4.5) lib/rack/methodoverride.rb:21:in `call'
  rack (1.4.5) lib/rack/runtime.rb:17:in `call'
  activesupport (3.2.12) lib/active_support/cache/strategy/local_cache.rb:72:in `call'
  rack (1.4.5) lib/rack/lock.rb:15:in `call'
  rack-cache (1.2) lib/rack/cache/context.rb:136:in `forward'
  rack-cache (1.2) lib/rack/cache/context.rb:245:in `fetch'
  rack-cache (1.2) lib/rack/cache/context.rb:185:in `lookup'
  rack-cache (1.2) lib/rack/cache/context.rb:66:in `call!'
  rack-cache (1.2) lib/rack/cache/context.rb:51:in `call'
  railties (3.2.12) lib/rails/engine.rb:479:in `call'
  railties (3.2.12) lib/rails/application.rb:223:in `call'
  rack (1.4.5) lib/rack/content_length.rb:14:in `call'
  railties (3.2.12) lib/rails/rack/log_tailer.rb:17:in `call'
  rack (1.4.5) lib/rack/handler/webrick.rb:59:in `service'
  /home/gen/.rvm/rubies/ruby-2.0.0-p0/lib/ruby/2.0.0/webrick/httpserver.rb:138:in `service'
  /home/gen/.rvm/rubies/ruby-2.0.0-p0/lib/ruby/2.0.0/webrick/httpserver.rb:94:in `run'
  /home/gen/.rvm/rubies/ruby-2.0.0-p0/lib/ruby/2.0.0/webrick/server.rb:295:in `block in start_thread'


Started GET "/" for 127.0.0.1 at 2013-03-21 16:26:32 +0800
Processing by MainController#home_page as HTML
Completed 500 Internal Server Error in 16ms

ActionView::MissingTemplate (Missing template main/home_page, application/home_page with {:locale=>[:zh], :formats=>[:html], :handlers=>[:erb, :builder, :coffee]}. Searched in:
  * "/home/gen/Project/blog_system/app/views"
):
  actionpack (3.2.12) lib/action_view/path_set.rb:58:in `find'
  actionpack (3.2.12) lib/action_view/lookup_context.rb:109:in `find'
  actionpack (3.2.12) lib/action_view/renderer/abstract_renderer.rb:3:in `find_template'
  actionpack (3.2.12) lib/action_view/renderer/template_renderer.rb:34:in `determine_template'
  actionpack (3.2.12) lib/action_view/renderer/template_renderer.rb:10:in `render'
  actionpack (3.2.12) lib/action_view/renderer/renderer.rb:36:in `render_template'
  actionpack (3.2.12) lib/action_view/renderer/renderer.rb:17:in `render'
  actionpack (3.2.12) lib/abstract_controller/rendering.rb:110:in `_render_template'
  actionpack (3.2.12) lib/action_controller/metal/streaming.rb:225:in `_render_template'
  actionpack (3.2.12) lib/abstract_controller/rendering.rb:103:in `render_to_body'
  actionpack (3.2.12) lib/action_controller/metal/renderers.rb:28:in `render_to_body'
  actionpack (3.2.12) lib/action_controller/metal/compatibility.rb:50:in `render_to_body'
  actionpack (3.2.12) lib/abstract_controller/rendering.rb:88:in `render'
  actionpack (3.2.12) lib/action_controller/metal/rendering.rb:16:in `render'
  actionpack (3.2.12) lib/action_controller/metal/instrumentation.rb:40:in `block (2 levels) in render'
  activesupport (3.2.12) lib/active_support/core_ext/benchmark.rb:5:in `block in ms'
  /home/gen/.rvm/rubies/ruby-2.0.0-p0/lib/ruby/2.0.0/benchmark.rb:296:in `realtime'
  activesupport (3.2.12) lib/active_support/core_ext/benchmark.rb:5:in `ms'
  actionpack (3.2.12) lib/action_controller/metal/instrumentation.rb:40:in `block in render'
  actionpack (3.2.12) lib/action_controller/metal/instrumentation.rb:83:in `cleanup_view_runtime'
  actionpack (3.2.12) lib/action_controller/metal/instrumentation.rb:39:in `render'
  actionpack (3.2.12) lib/action_controller/metal/implicit_render.rb:10:in `default_render'
  actionpack (3.2.12) lib/action_controller/metal/implicit_render.rb:5:in `send_action'
  actionpack (3.2.12) lib/abstract_controller/base.rb:167:in `process_action'
  actionpack (3.2.12) lib/action_controller/metal/rendering.rb:10:in `process_action'
  actionpack (3.2.12) lib/abstract_controller/callbacks.rb:18:in `block in process_action'
  activesupport (3.2.12) lib/active_support/callbacks.rb:414:in `_run__1243460680313654405__process_action__2852283924965495648__callbacks'
  activesupport (3.2.12) lib/active_support/callbacks.rb:405:in `__run_callback'
  activesupport (3.2.12) lib/active_support/callbacks.rb:385:in `_run_process_action_callbacks'
  activesupport (3.2.12) lib/active_support/callbacks.rb:81:in `run_callbacks'
  actionpack (3.2.12) lib/abstract_controller/callbacks.rb:17:in `process_action'
  actionpack (3.2.12) lib/action_controller/metal/rescue.rb:29:in `process_action'
  actionpack (3.2.12) lib/action_controller/metal/instrumentation.rb:30:in `block in process_action'
  activesupport (3.2.12) lib/active_support/notifications.rb:123:in `block in instrument'
  activesupport (3.2.12) lib/active_support/notifications/instrumenter.rb:20:in `instrument'
  activesupport (3.2.12) lib/active_support/notifications.rb:123:in `instrument'
  actionpack (3.2.12) lib/action_controller/metal/instrumentation.rb:29:in `process_action'
  actionpack (3.2.12) lib/action_controller/metal/params_wrapper.rb:207:in `process_action'
  actionpack (3.2.12) lib/abstract_controller/base.rb:121:in `process'
  actionpack (3.2.12) lib/abstract_controller/rendering.rb:45:in `process'
  actionpack (3.2.12) lib/action_controller/metal.rb:203:in `dispatch'
  actionpack (3.2.12) lib/action_controller/metal/rack_delegation.rb:14:in `dispatch'
  actionpack (3.2.12) lib/action_controller/metal.rb:246:in `block in action'
  actionpack (3.2.12) lib/action_dispatch/routing/route_set.rb:73:in `call'
  actionpack (3.2.12) lib/action_dispatch/routing/route_set.rb:73:in `dispatch'
  actionpack (3.2.12) lib/action_dispatch/routing/route_set.rb:36:in `call'
  journey (1.0.4) lib/journey/router.rb:68:in `block in call'
  journey (1.0.4) lib/journey/router.rb:56:in `each'
  journey (1.0.4) lib/journey/router.rb:56:in `call'
  actionpack (3.2.12) lib/action_dispatch/routing/route_set.rb:601:in `call'
  client_side_validations (3.2.2) lib/client_side_validations/middleware.rb:21:in `call'
  actionpack (3.2.12) lib/action_dispatch/middleware/best_standards_support.rb:17:in `call'
  rack (1.4.5) lib/rack/etag.rb:23:in `call'
  rack (1.4.5) lib/rack/conditionalget.rb:25:in `call'
  actionpack (3.2.12) lib/action_dispatch/middleware/head.rb:14:in `call'
  actionpack (3.2.12) lib/action_dispatch/middleware/params_parser.rb:21:in `call'
  actionpack (3.2.12) lib/action_dispatch/middleware/flash.rb:242:in `call'
  rack (1.4.5) lib/rack/session/abstract/id.rb:210:in `context'
  rack (1.4.5) lib/rack/session/abstract/id.rb:205:in `call'
  actionpack (3.2.12) lib/action_dispatch/middleware/cookies.rb:341:in `call'
  actionpack (3.2.12) lib/action_dispatch/middleware/callbacks.rb:28:in `block in call'
  activesupport (3.2.12) lib/active_support/callbacks.rb:405:in `_run__3307403020938271166__call__499249033747990951__callbacks'
  activesupport (3.2.12) lib/active_support/callbacks.rb:405:in `__run_callback'
  activesupport (3.2.12) lib/active_support/callbacks.rb:385:in `_run_call_callbacks'
  activesupport (3.2.12) lib/active_support/callbacks.rb:81:in `run_callbacks'
  actionpack (3.2.12) lib/action_dispatch/middleware/callbacks.rb:27:in `call'
  actionpack (3.2.12) lib/action_dispatch/middleware/remote_ip.rb:31:in `call'
  actionpack (3.2.12) lib/action_dispatch/middleware/debug_exceptions.rb:16:in `call'
  actionpack (3.2.12) lib/action_dispatch/middleware/show_exceptions.rb:56:in `call'
  railties (3.2.12) lib/rails/rack/logger.rb:32:in `call_app'
  railties (3.2.12) lib/rails/rack/logger.rb:16:in `block in call'
  activesupport (3.2.12) lib/active_support/tagged_logging.rb:22:in `tagged'
  railties (3.2.12) lib/rails/rack/logger.rb:16:in `call'
  actionpack (3.2.12) lib/action_dispatch/middleware/request_id.rb:22:in `call'
  rack (1.4.5) lib/rack/methodoverride.rb:21:in `call'
  rack (1.4.5) lib/rack/runtime.rb:17:in `call'
  activesupport (3.2.12) lib/active_support/cache/strategy/local_cache.rb:72:in `call'
  rack (1.4.5) lib/rack/lock.rb:15:in `call'
  rack-cache (1.2) lib/rack/cache/context.rb:136:in `forward'
  rack-cache (1.2) lib/rack/cache/context.rb:245:in `fetch'
  rack-cache (1.2) lib/rack/cache/context.rb:185:in `lookup'
  rack-cache (1.2) lib/rack/cache/context.rb:66:in `call!'
  rack-cache (1.2) lib/rack/cache/context.rb:51:in `call'
  railties (3.2.12) lib/rails/engine.rb:479:in `call'
  railties (3.2.12) lib/rails/application.rb:223:in `call'
  rack (1.4.5) lib/rack/content_length.rb:14:in `call'
  railties (3.2.12) lib/rails/rack/log_tailer.rb:17:in `call'
  rack (1.4.5) lib/rack/handler/webrick.rb:59:in `service'
  /home/gen/.rvm/rubies/ruby-2.0.0-p0/lib/ruby/2.0.0/webrick/httpserver.rb:138:in `service'
  /home/gen/.rvm/rubies/ruby-2.0.0-p0/lib/ruby/2.0.0/webrick/httpserver.rb:94:in `run'
  /home/gen/.rvm/rubies/ruby-2.0.0-p0/lib/ruby/2.0.0/webrick/server.rb:295:in `block in start_thread'


Started GET "/" for 127.0.0.1 at 2013-04-11 00:38:01 +0800
Processing by MainController#home_page as HTML
Completed 500 Internal Server Error in 10ms

ActionView::MissingTemplate (Missing template main/home_page, application/home_page with {:locale=>[:zh], :formats=>[:html], :handlers=>[:erb, :builder, :coffee]}. Searched in:
  * "/home/gen/Project/my_blog_platform/app/views"
):
  app/controllers/main_controller.rb:9:in `home_page'


Started GET "/" for 127.0.0.1 at 2013-04-11 10:54:59 +0800
Processing by MainController#home_page as HTML
Completed 500 Internal Server Error in 43ms

ActionView::MissingTemplate (Missing template main/home_page, application/home_page with {:locale=>[:zh], :formats=>[:html], :handlers=>[:erb, :builder, :coffee]}. Searched in:
  * "/home/gen/Project/my_blog_platform/app/views"
):
  app/controllers/main_controller.rb:9:in `home_page'


Started GET "/" for 127.0.0.1 at 2013-04-11 10:56:13 +0800
Processing by MainController#home_page as HTML
  Rendered main/_article.html.haml (1.5ms)
Compiled scrollpagination.js  (0ms)  (pid 21784)
  Rendered layouts/_div_content.html.haml (266.5ms)
  Rendered main/home_page.html.haml within layouts/application (272.9ms)
Compiled bootstrap.min.css  (1ms)  (pid 21784)
Compiled bootstrap-responsive.min.css  (0ms)  (pid 21784)
Compiled todc-bootstrap.css  (0ms)  (pid 21784)
Compiled messenger.css  (0ms)  (pid 21784)
Compiled messenger-theme-air.css  (0ms)  (pid 21784)
Compiled application.css  (21ms)  (pid 21784)
Compiled jquery.js  (5ms)  (pid 21784)
Compiled jquery_ujs.js  (0ms)  (pid 21784)
Compiled bootstrap.min.js  (0ms)  (pid 21784)
Compiled underscore-1.4.4.js  (37ms)  (pid 21784)
Compiled backbone-0.9.10.js  (1ms)  (pid 21784)
Compiled messenger.js  (393ms)  (pid 21784)
Compiled messenger-theme-future.js  (168ms)  (pid 21784)
Compiled application.js  (823ms)  (pid 21784)
  Rendered layouts/_navbar.html.haml (9.7ms)
  Rendered layouts/_footer.html.haml (2.6ms)
Completed 200 OK in 5436ms (Views: 5435.2ms)
Started GET "/assets/application-7a968f866835c7ee315e952c700f3f8f.css" for 127.0.0.1 at 2013-04-11 10:56:19 +0800
Served asset /application-7a968f866835c7ee315e952c700f3f8f.css - 200 OK (0ms)
Started GET "/assets/application-479879e5677e360584f46cb808c504c5.js" for 127.0.0.1 at 2013-04-11 10:56:19 +0800
Served asset /application-479879e5677e360584f46cb808c504c5.js - 200 OK (0ms)
Started GET "/assets/scrollpagination-8e8bfef4bae2401597411f507534ed8a.js" for 127.0.0.1 at 2013-04-11 10:56:19 +0800
Served asset /scrollpagination-8e8bfef4bae2401597411f507534ed8a.js - 200 OK (0ms)
Started GET "/account/unread_count.json" for 127.0.0.1 at 2013-04-11 10:56:20 +0800
Processing by Account::NoticesController#unread_count as JSON
Redirected to http://127.0.0.1:3000/login
Filter chain halted as :require_login rendered or redirected
Completed 302 Found in 10ms
Started GET "/assets/bgnoise_lg.png" for 127.0.0.1 at 2013-04-11 10:56:20 +0800
Served asset /bgnoise_lg.png - 200 OK (2ms)
Started POST "/home.js" for 127.0.0.1 at 2013-04-11 10:56:20 +0800
Processing by MainController#home_page as JS
  Rendered main/home_page.js.erb (2.6ms)
Completed 200 OK in 9ms (Views: 7.3ms)
Started GET "/assets/glyphicons-halflings.png" for 127.0.0.1 at 2013-04-11 10:56:20 +0800
Served asset /glyphicons-halflings.png - 200 OK (3ms)
Started GET "/login" for 127.0.0.1 at 2013-04-11 10:56:20 +0800
Processing by SessionsController#new as */*
Compiled sha256.js  (0ms)  (pid 21784)
Compiled sessions.js  (190ms)  (pid 21784)
  Rendered sessions/new.html.haml within layouts/application (417.3ms)
  Rendered layouts/_navbar.html.haml (2.5ms)
  Rendered layouts/_footer.html.haml (0.1ms)
Completed 200 OK in 429ms (Views: 426.3ms)
Started GET "/account/unread_count.json" for 127.0.0.1 at 2013-04-11 10:56:49 +0800
Processing by Account::NoticesController#unread_count as JSON
Redirected to http://127.0.0.1:3000/login
Filter chain halted as :require_login rendered or redirected
Completed 302 Found in 2ms
Started GET "/login" for 127.0.0.1 at 2013-04-11 10:56:49 +0800
Processing by SessionsController#new as */*
  Rendered sessions/new.html.haml within layouts/application (3.1ms)
  Rendered layouts/_navbar.html.haml (2.2ms)
  Rendered layouts/_footer.html.haml (0.1ms)
Completed 200 OK in 11ms (Views: 8.9ms)
Started GET "/account/unread_count.json" for 127.0.0.1 at 2013-04-11 10:57:19 +0800
Processing by Account::NoticesController#unread_count as JSON
Redirected to http://127.0.0.1:3000/login
Filter chain halted as :require_login rendered or redirected
Completed 302 Found in 3ms
Started GET "/login" for 127.0.0.1 at 2013-04-11 10:57:19 +0800
Processing by SessionsController#new as */*
  Rendered sessions/new.html.haml within layouts/application (2.8ms)
  Rendered layouts/_navbar.html.haml (2.4ms)
  Rendered layouts/_footer.html.haml (0.1ms)
Completed 200 OK in 11ms (Views: 9.1ms)
Started GET "/account/unread_count.json" for 127.0.0.1 at 2013-04-11 10:57:49 +0800
Processing by Account::NoticesController#unread_count as JSON
Redirected to http://127.0.0.1:3000/login
Filter chain halted as :require_login rendered or redirected
Completed 302 Found in 2ms
Started GET "/login" for 127.0.0.1 at 2013-04-11 10:57:49 +0800
Processing by SessionsController#new as */*
  Rendered sessions/new.html.haml within layouts/application (4.6ms)
  Rendered layouts/_navbar.html.haml (2.7ms)
  Rendered layouts/_footer.html.haml (0.1ms)
Completed 200 OK in 15ms (Views: 12.3ms)
Started GET "/account/unread_count.json" for 127.0.0.1 at 2013-04-11 10:58:19 +0800
Processing by Account::NoticesController#unread_count as JSON
Redirected to http://127.0.0.1:3000/login
Filter chain halted as :require_login rendered or redirected
Completed 302 Found in 2ms
Started GET "/login" for 127.0.0.1 at 2013-04-11 10:58:19 +0800
Processing by SessionsController#new as */*
  Rendered sessions/new.html.haml within layouts/application (4.7ms)
  Rendered layouts/_navbar.html.haml (2.2ms)
  Rendered layouts/_footer.html.haml (0.1ms)
Completed 200 OK in 13ms (Views: 10.6ms)
Started GET "/account/unread_count.json" for 127.0.0.1 at 2013-04-11 10:58:49 +0800
Processing by Account::NoticesController#unread_count as JSON
Redirected to http://127.0.0.1:3000/login
Filter chain halted as :require_login rendered or redirected
Completed 302 Found in 2ms
Started GET "/login" for 127.0.0.1 at 2013-04-11 10:58:49 +0800
Processing by SessionsController#new as */*
  Rendered sessions/new.html.haml within layouts/application (4.8ms)
  Rendered layouts/_navbar.html.haml (3.4ms)
  Rendered layouts/_footer.html.haml (0.2ms)
Completed 200 OK in 16ms (Views: 13.6ms)
Started GET "/account/unread_count.json" for 127.0.0.1 at 2013-04-11 10:59:19 +0800
Processing by Account::NoticesController#unread_count as JSON
Redirected to http://127.0.0.1:3000/login
Filter chain halted as :require_login rendered or redirected
Completed 302 Found in 3ms
Started GET "/login" for 127.0.0.1 at 2013-04-11 10:59:19 +0800
Processing by SessionsController#new as */*
  Rendered sessions/new.html.haml within layouts/application (4.9ms)
  Rendered layouts/_navbar.html.haml (2.6ms)
  Rendered layouts/_footer.html.haml (0.1ms)
Completed 200 OK in 14ms (Views: 12.2ms)
Started GET "/account/unread_count.json" for 127.0.0.1 at 2013-04-11 10:59:49 +0800
Processing by Account::NoticesController#unread_count as JSON
Redirected to http://127.0.0.1:3000/login
Filter chain halted as :require_login rendered or redirected
Completed 302 Found in 3ms
Started GET "/login" for 127.0.0.1 at 2013-04-11 10:59:49 +0800
Processing by SessionsController#new as */*
  Rendered sessions/new.html.haml within layouts/application (3.5ms)
  Rendered layouts/_navbar.html.haml (2.3ms)
  Rendered layouts/_footer.html.haml (0.1ms)
Completed 200 OK in 11ms (Views: 9.2ms)
Started GET "/account/unread_count.json" for 127.0.0.1 at 2013-04-11 11:00:19 +0800
Processing by Account::NoticesController#unread_count as JSON
Redirected to http://127.0.0.1:3000/login
Filter chain halted as :require_login rendered or redirected
Completed 302 Found in 3ms
Started GET "/login" for 127.0.0.1 at 2013-04-11 11:00:19 +0800
Processing by SessionsController#new as */*
  Rendered sessions/new.html.haml within layouts/application (4.5ms)
  Rendered layouts/_navbar.html.haml (3.0ms)
  Rendered layouts/_footer.html.haml (0.2ms)
Completed 200 OK in 15ms (Views: 12.5ms)
Started GET "/account/unread_count.json" for 127.0.0.1 at 2013-04-11 11:00:49 +0800
Processing by Account::NoticesController#unread_count as JSON
Redirected to http://127.0.0.1:3000/login
Filter chain halted as :require_login rendered or redirected
Completed 302 Found in 3ms
Started GET "/login" for 127.0.0.1 at 2013-04-11 11:00:49 +0800
Processing by SessionsController#new as */*
  Rendered sessions/new.html.haml within layouts/application (4.5ms)
  Rendered layouts/_navbar.html.haml (3.0ms)
  Rendered layouts/_footer.html.haml (0.2ms)
Completed 200 OK in 15ms (Views: 12.5ms)
Started GET "/account/unread_count.json" for 127.0.0.1 at 2013-04-11 11:01:19 +0800
Processing by Account::NoticesController#unread_count as JSON
Redirected to http://127.0.0.1:3000/login
Filter chain halted as :require_login rendered or redirected
Completed 302 Found in 2ms
Started GET "/login" for 127.0.0.1 at 2013-04-11 11:01:19 +0800
Processing by SessionsController#new as */*
  Rendered sessions/new.html.haml within layouts/application (3.8ms)
  Rendered layouts/_navbar.html.haml (2.8ms)
  Rendered layouts/_footer.html.haml (0.2ms)
Completed 200 OK in 13ms (Views: 11.4ms)
Started GET "/account/unread_count.json" for 127.0.0.1 at 2013-04-11 11:01:49 +0800
Processing by Account::NoticesController#unread_count as JSON
Redirected to http://127.0.0.1:3000/login
Filter chain halted as :require_login rendered or redirected
Completed 302 Found in 3ms
Started GET "/login" for 127.0.0.1 at 2013-04-11 11:01:49 +0800
Processing by SessionsController#new as */*
  Rendered sessions/new.html.haml within layouts/application (2.9ms)
  Rendered layouts/_navbar.html.haml (2.6ms)
  Rendered layouts/_footer.html.haml (0.2ms)
Completed 200 OK in 11ms (Views: 9.3ms)
Started GET "/account/unread_count.json" for 127.0.0.1 at 2013-04-11 11:02:19 +0800
Processing by Account::NoticesController#unread_count as JSON
Redirected to http://127.0.0.1:3000/login
Filter chain halted as :require_login rendered or redirected
Completed 302 Found in 4ms
Started GET "/login" for 127.0.0.1 at 2013-04-11 11:02:19 +0800
Processing by SessionsController#new as */*
  Rendered sessions/new.html.haml within layouts/application (4.4ms)
  Rendered layouts/_navbar.html.haml (2.5ms)
  Rendered layouts/_footer.html.haml (0.1ms)
Completed 200 OK in 14ms (Views: 11.3ms)
Started GET "/account/unread_count.json" for 127.0.0.1 at 2013-04-11 11:02:49 +0800
Processing by Account::NoticesController#unread_count as JSON
Redirected to http://127.0.0.1:3000/login
Filter chain halted as :require_login rendered or redirected
Completed 302 Found in 3ms
Started GET "/login" for 127.0.0.1 at 2013-04-11 11:02:49 +0800
Processing by SessionsController#new as */*
  Rendered sessions/new.html.haml within layouts/application (3.3ms)
  Rendered layouts/_navbar.html.haml (2.6ms)
  Rendered layouts/_footer.html.haml (0.2ms)
Completed 200 OK in 12ms (Views: 10.2ms)
Started GET "/account/unread_count.json" for 127.0.0.1 at 2013-04-11 11:03:19 +0800
Processing by Account::NoticesController#unread_count as JSON
Redirected to http://127.0.0.1:3000/login
Filter chain halted as :require_login rendered or redirected
Completed 302 Found in 3ms
Started GET "/login" for 127.0.0.1 at 2013-04-11 11:03:19 +0800
Processing by SessionsController#new as */*
  Rendered sessions/new.html.haml within layouts/application (3.7ms)
  Rendered layouts/_navbar.html.haml (2.0ms)
  Rendered layouts/_footer.html.haml (0.1ms)
Completed 200 OK in 11ms (Views: 9.3ms)
Started GET "/account/unread_count.json" for 127.0.0.1 at 2013-04-11 11:03:49 +0800
Processing by Account::NoticesController#unread_count as JSON
Redirected to http://127.0.0.1:3000/login
Filter chain halted as :require_login rendered or redirected
Completed 302 Found in 3ms
Started GET "/login" for 127.0.0.1 at 2013-04-11 11:03:49 +0800
Processing by SessionsController#new as */*
  Rendered sessions/new.html.haml within layouts/application (4.6ms)
  Rendered layouts/_navbar.html.haml (2.9ms)
  Rendered layouts/_footer.html.haml (0.2ms)
Completed 200 OK in 15ms (Views: 12.5ms)
Started GET "/account/unread_count.json" for 127.0.0.1 at 2013-04-11 11:04:19 +0800
Processing by Account::NoticesController#unread_count as JSON
Redirected to http://127.0.0.1:3000/login
Filter chain halted as :require_login rendered or redirected
Completed 302 Found in 3ms
Started GET "/login" for 127.0.0.1 at 2013-04-11 11:04:19 +0800
Processing by SessionsController#new as */*
  Rendered sessions/new.html.haml within layouts/application (4.7ms)
  Rendered layouts/_navbar.html.haml (3.2ms)
  Rendered layouts/_footer.html.haml (0.2ms)
Completed 200 OK in 15ms (Views: 12.8ms)
Started GET "/account/unread_count.json" for 127.0.0.1 at 2013-04-11 11:04:49 +0800
Processing by Account::NoticesController#unread_count as JSON
Redirected to http://127.0.0.1:3000/login
Filter chain halted as :require_login rendered or redirected
Completed 302 Found in 3ms
Started GET "/login" for 127.0.0.1 at 2013-04-11 11:04:49 +0800
Processing by SessionsController#new as */*
  Rendered sessions/new.html.haml within layouts/application (4.0ms)
  Rendered layouts/_navbar.html.haml (2.2ms)
  Rendered layouts/_footer.html.haml (0.1ms)
Completed 200 OK in 12ms (Views: 9.8ms)
Started GET "/account/unread_count.json" for 127.0.0.1 at 2013-04-11 11:05:19 +0800
Processing by Account::NoticesController#unread_count as JSON
Redirected to http://127.0.0.1:3000/login
Filter chain halted as :require_login rendered or redirected
Completed 302 Found in 3ms
Started GET "/login" for 127.0.0.1 at 2013-04-11 11:05:19 +0800
Processing by SessionsController#new as */*
  Rendered sessions/new.html.haml within layouts/application (4.8ms)
  Rendered layouts/_navbar.html.haml (3.3ms)
  Rendered layouts/_footer.html.haml (0.2ms)
Completed 200 OK in 16ms (Views: 13.2ms)
Started GET "/account/unread_count.json" for 127.0.0.1 at 2013-04-11 11:05:49 +0800
Processing by Account::NoticesController#unread_count as JSON
Redirected to http://127.0.0.1:3000/login
Filter chain halted as :require_login rendered or redirected
Completed 302 Found in 3ms
Started GET "/login" for 127.0.0.1 at 2013-04-11 11:05:49 +0800
Processing by SessionsController#new as */*
  Rendered sessions/new.html.haml within layouts/application (4.8ms)
  Rendered layouts/_navbar.html.haml (3.0ms)
  Rendered layouts/_footer.html.haml (0.2ms)
Completed 200 OK in 15ms (Views: 12.6ms)
Started GET "/account/unread_count.json" for 127.0.0.1 at 2013-04-11 11:06:19 +0800
Processing by Account::NoticesController#unread_count as JSON
Redirected to http://127.0.0.1:3000/login
Filter chain halted as :require_login rendered or redirected
Completed 302 Found in 3ms
Started GET "/login" for 127.0.0.1 at 2013-04-11 11:06:19 +0800
Processing by SessionsController#new as */*
  Rendered sessions/new.html.haml within layouts/application (4.2ms)
  Rendered layouts/_navbar.html.haml (2.3ms)
  Rendered layouts/_footer.html.haml (0.1ms)
Completed 200 OK in 13ms (Views: 10.1ms)
Started GET "/account/unread_count.json" for 127.0.0.1 at 2013-04-11 11:06:49 +0800
Processing by Account::NoticesController#unread_count as JSON
Redirected to http://127.0.0.1:3000/login
Filter chain halted as :require_login rendered or redirected
Completed 302 Found in 3ms
Started GET "/login" for 127.0.0.1 at 2013-04-11 11:06:49 +0800
Processing by SessionsController#new as */*
  Rendered sessions/new.html.haml within layouts/application (47.5ms)
  Rendered layouts/_navbar.html.haml (3.1ms)
  Rendered layouts/_footer.html.haml (0.2ms)
Completed 200 OK in 57ms (Views: 54.9ms)
Started GET "/account/unread_count.json" for 127.0.0.1 at 2013-04-11 11:07:19 +0800
Processing by Account::NoticesController#unread_count as JSON
Redirected to http://127.0.0.1:3000/login
Filter chain halted as :require_login rendered or redirected
Completed 302 Found in 3ms
Started GET "/login" for 127.0.0.1 at 2013-04-11 11:07:19 +0800
Processing by SessionsController#new as */*
  Rendered sessions/new.html.haml within layouts/application (2.9ms)
  Rendered layouts/_navbar.html.haml (2.0ms)
  Rendered layouts/_footer.html.haml (0.1ms)
Completed 200 OK in 10ms (Views: 8.3ms)
Started GET "/account/unread_count.json" for 127.0.0.1 at 2013-04-11 11:07:49 +0800
Processing by Account::NoticesController#unread_count as JSON
Redirected to http://127.0.0.1:3000/login
Filter chain halted as :require_login rendered or redirected
Completed 302 Found in 3ms
Started GET "/login" for 127.0.0.1 at 2013-04-11 11:07:49 +0800
Processing by SessionsController#new as */*
  Rendered sessions/new.html.haml within layouts/application (2.8ms)
  Rendered layouts/_navbar.html.haml (2.2ms)
  Rendered layouts/_footer.html.haml (0.1ms)
Completed 200 OK in 11ms (Views: 8.5ms)
Started GET "/account/unread_count.json" for 127.0.0.1 at 2013-04-11 11:08:19 +0800
Processing by Account::NoticesController#unread_count as JSON
Redirected to http://127.0.0.1:3000/login
Filter chain halted as :require_login rendered or redirected
Completed 302 Found in 3ms
Started GET "/login" for 127.0.0.1 at 2013-04-11 11:08:19 +0800
Processing by SessionsController#new as */*
  Rendered sessions/new.html.haml within layouts/application (4.3ms)
  Rendered layouts/_navbar.html.haml (2.7ms)
  Rendered layouts/_footer.html.haml (0.1ms)
Completed 200 OK in 13ms (Views: 10.8ms)
Started GET "/account/unread_count.json" for 127.0.0.1 at 2013-04-11 11:08:49 +0800
Processing by Account::NoticesController#unread_count as JSON
Redirected to http://127.0.0.1:3000/login
Filter chain halted as :require_login rendered or redirected
Completed 302 Found in 3ms
Started GET "/login" for 127.0.0.1 at 2013-04-11 11:08:49 +0800
Processing by SessionsController#new as */*
  Rendered sessions/new.html.haml within layouts/application (3.2ms)
  Rendered layouts/_navbar.html.haml (2.5ms)
  Rendered layouts/_footer.html.haml (0.2ms)
Completed 200 OK in 12ms (Views: 9.7ms)
Started GET "/account/unread_count.json" for 127.0.0.1 at 2013-04-11 11:09:19 +0800
Processing by Account::NoticesController#unread_count as JSON
Redirected to http://127.0.0.1:3000/login
Filter chain halted as :require_login rendered or redirected
Completed 302 Found in 3ms
Started GET "/login" for 127.0.0.1 at 2013-04-11 11:09:21 +0800
Processing by SessionsController#new as */*
  Rendered sessions/new.html.haml within layouts/application (4.1ms)
  Rendered layouts/_navbar.html.haml (2.4ms)
  Rendered layouts/_footer.html.haml (0.1ms)
Completed 200 OK in 13ms (Views: 10.6ms)
Started GET "/account/unread_count.json" for 127.0.0.1 at 2013-04-11 11:09:49 +0800
Processing by Account::NoticesController#unread_count as JSON
Redirected to http://127.0.0.1:3000/login
Filter chain halted as :require_login rendered or redirected
Completed 302 Found in 3ms
Started GET "/login" for 127.0.0.1 at 2013-04-11 11:09:49 +0800
Processing by SessionsController#new as */*
  Rendered sessions/new.html.haml within layouts/application (3.6ms)
  Rendered layouts/_navbar.html.haml (2.4ms)
  Rendered layouts/_footer.html.haml (0.1ms)
Completed 200 OK in 12ms (Views: 10.4ms)
Started GET "/account/unread_count.json" for 127.0.0.1 at 2013-04-11 11:10:19 +0800
Processing by Account::NoticesController#unread_count as JSON
Redirected to http://127.0.0.1:3000/login
Filter chain halted as :require_login rendered or redirected
Completed 302 Found in 2ms
Started GET "/login" for 127.0.0.1 at 2013-04-11 11:10:19 +0800
Processing by SessionsController#new as */*
  Rendered sessions/new.html.haml within layouts/application (3.6ms)
  Rendered layouts/_navbar.html.haml (2.0ms)
  Rendered layouts/_footer.html.haml (0.1ms)
Completed 200 OK in 11ms (Views: 9.7ms)
Started GET "/account/unread_count.json" for 127.0.0.1 at 2013-04-11 11:10:49 +0800
Processing by Account::NoticesController#unread_count as JSON
Redirected to http://127.0.0.1:3000/login
Filter chain halted as :require_login rendered or redirected
Completed 302 Found in 4ms
Started GET "/login" for 127.0.0.1 at 2013-04-11 11:10:51 +0800
Processing by SessionsController#new as */*
  Rendered sessions/new.html.haml within layouts/application (2.9ms)
  Rendered layouts/_navbar.html.haml (2.1ms)
  Rendered layouts/_footer.html.haml (0.1ms)
Completed 200 OK in 10ms (Views: 8.3ms)
Started GET "/account/unread_count.json" for 127.0.0.1 at 2013-04-11 11:11:19 +0800
Processing by Account::NoticesController#unread_count as JSON
Redirected to http://127.0.0.1:3000/login
Filter chain halted as :require_login rendered or redirected
Completed 302 Found in 3ms
Started GET "/login" for 127.0.0.1 at 2013-04-11 11:11:19 +0800
Processing by SessionsController#new as */*
  Rendered sessions/new.html.haml within layouts/application (4.2ms)
  Rendered layouts/_navbar.html.haml (2.2ms)
  Rendered layouts/_footer.html.haml (0.1ms)
Completed 200 OK in 12ms (Views: 9.9ms)
Started GET "/account/unread_count.json" for 127.0.0.1 at 2013-04-11 11:11:49 +0800
Processing by Account::NoticesController#unread_count as JSON
Redirected to http://127.0.0.1:3000/login
Filter chain halted as :require_login rendered or redirected
Completed 302 Found in 3ms
Started GET "/login" for 127.0.0.1 at 2013-04-11 11:11:49 +0800
Processing by SessionsController#new as */*
  Rendered sessions/new.html.haml within layouts/application (3.4ms)
  Rendered layouts/_navbar.html.haml (2.8ms)
  Rendered layouts/_footer.html.haml (0.2ms)
Completed 200 OK in 13ms (Views: 10.7ms)
Started GET "/account/unread_count.json" for 127.0.0.1 at 2013-04-11 11:12:19 +0800
Processing by Account::NoticesController#unread_count as JSON
Redirected to http://127.0.0.1:3000/login
Filter chain halted as :require_login rendered or redirected
Completed 302 Found in 2ms
Started GET "/login" for 127.0.0.1 at 2013-04-11 11:12:19 +0800
Processing by SessionsController#new as */*
  Rendered sessions/new.html.haml within layouts/application (2.8ms)
  Rendered layouts/_navbar.html.haml (2.2ms)
  Rendered layouts/_footer.html.haml (0.1ms)
Completed 200 OK in 10ms (Views: 8.3ms)
Started GET "/account/unread_count.json" for 127.0.0.1 at 2013-04-11 11:12:49 +0800
Processing by Account::NoticesController#unread_count as JSON
Redirected to http://127.0.0.1:3000/login
Filter chain halted as :require_login rendered or redirected
Completed 302 Found in 3ms
Started GET "/login" for 127.0.0.1 at 2013-04-11 11:12:49 +0800
Processing by SessionsController#new as */*
  Rendered sessions/new.html.haml within layouts/application (2.8ms)
  Rendered layouts/_navbar.html.haml (2.2ms)
  Rendered layouts/_footer.html.haml (0.1ms)
Completed 200 OK in 10ms (Views: 8.3ms)
Started GET "/account/unread_count.json" for 127.0.0.1 at 2013-04-11 11:13:19 +0800
Processing by Account::NoticesController#unread_count as JSON
Redirected to http://127.0.0.1:3000/login
Filter chain halted as :require_login rendered or redirected
Completed 302 Found in 3ms
Started GET "/login" for 127.0.0.1 at 2013-04-11 11:13:19 +0800
Processing by SessionsController#new as */*
  Rendered sessions/new.html.haml within layouts/application (4.3ms)
  Rendered layouts/_navbar.html.haml (3.0ms)
  Rendered layouts/_footer.html.haml (0.2ms)
Completed 200 OK in 15ms (Views: 12.3ms)
Started GET "/account/unread_count.json" for 127.0.0.1 at 2013-04-11 11:13:49 +0800
Processing by Account::NoticesController#unread_count as JSON
Redirected to http://127.0.0.1:3000/login
Filter chain halted as :require_login rendered or redirected
Completed 302 Found in 3ms
Started GET "/login" for 127.0.0.1 at 2013-04-11 11:13:49 +0800
Processing by SessionsController#new as */*
  Rendered sessions/new.html.haml within layouts/application (4.0ms)
  Rendered layouts/_navbar.html.haml (2.5ms)
  Rendered layouts/_footer.html.haml (0.1ms)
Completed 200 OK in 56ms (Views: 54.6ms)
Started GET "/account/unread_count.json" for 127.0.0.1 at 2013-04-11 11:14:19 +0800
Processing by Account::NoticesController#unread_count as JSON
Redirected to http://127.0.0.1:3000/login
Filter chain halted as :require_login rendered or redirected
Completed 302 Found in 3ms
Started GET "/login" for 127.0.0.1 at 2013-04-11 11:14:19 +0800
Processing by SessionsController#new as */*
  Rendered sessions/new.html.haml within layouts/application (3.9ms)
  Rendered layouts/_navbar.html.haml (2.0ms)
  Rendered layouts/_footer.html.haml (0.1ms)
Completed 200 OK in 12ms (Views: 9.7ms)
Started GET "/account/unread_count.json" for 127.0.0.1 at 2013-04-11 11:14:49 +0800
Processing by Account::NoticesController#unread_count as JSON
Redirected to http://127.0.0.1:3000/login
Filter chain halted as :require_login rendered or redirected
Completed 302 Found in 3ms
Started GET "/login" for 127.0.0.1 at 2013-04-11 11:14:49 +0800
Processing by SessionsController#new as */*
  Rendered sessions/new.html.haml within layouts/application (2.8ms)
  Rendered layouts/_navbar.html.haml (2.2ms)
  Rendered layouts/_footer.html.haml (0.1ms)
Completed 200 OK in 10ms (Views: 8.4ms)
Started GET "/account/unread_count.json" for 127.0.0.1 at 2013-04-11 11:15:19 +0800
Processing by Account::NoticesController#unread_count as JSON
Redirected to http://127.0.0.1:3000/login
Filter chain halted as :require_login rendered or redirected
Completed 302 Found in 2ms
Started GET "/login" for 127.0.0.1 at 2013-04-11 11:15:19 +0800
Processing by SessionsController#new as */*
  Rendered sessions/new.html.haml within layouts/application (4.3ms)
  Rendered layouts/_navbar.html.haml (3.1ms)
  Rendered layouts/_footer.html.haml (0.2ms)
Completed 200 OK in 15ms (Views: 12.3ms)
Started GET "/account/unread_count.json" for 127.0.0.1 at 2013-04-11 11:15:49 +0800
Processing by Account::NoticesController#unread_count as JSON
Redirected to http://127.0.0.1:3000/login
Filter chain halted as :require_login rendered or redirected
Completed 302 Found in 3ms
Started GET "/login" for 127.0.0.1 at 2013-04-11 11:15:49 +0800
Processing by SessionsController#new as */*
  Rendered sessions/new.html.haml within layouts/application (4.3ms)
  Rendered layouts/_navbar.html.haml (3.1ms)
  Rendered layouts/_footer.html.haml (0.2ms)
Completed 200 OK in 15ms (Views: 12.4ms)
Started GET "/account/unread_count.json" for 127.0.0.1 at 2013-04-11 11:16:19 +0800
Processing by Account::NoticesController#unread_count as JSON
Redirected to http://127.0.0.1:3000/login
Filter chain halted as :require_login rendered or redirected
Completed 302 Found in 3ms
Started GET "/login" for 127.0.0.1 at 2013-04-11 11:16:19 +0800
Processing by SessionsController#new as */*
  Rendered sessions/new.html.haml within layouts/application (3.1ms)
  Rendered layouts/_navbar.html.haml (2.8ms)
  Rendered layouts/_footer.html.haml (0.2ms)
Completed 200 OK in 12ms (Views: 10.1ms)
